2024-09-12 22:06:14.217 -03:00 [INF] Now listening on: https://localhost:7263
2024-09-12 22:06:14.269 -03:00 [INF] Now listening on: http://localhost:5147
2024-09-12 22:06:14.327 -03:00 [INF] Application started. Press Ctrl+C to shut down.
2024-09-12 22:06:14.330 -03:00 [INF] Hosting environment: Development
2024-09-12 22:06:14.333 -03:00 [INF] Content root path: C:\dev\CRUD_Maxima\API
2024-09-12 22:06:15.496 -03:00 [INF] Request starting HTTP/2 GET https://localhost:7263/swagger/index.html - null null
2024-09-12 22:06:16.235 -03:00 [INF] Request finished HTTP/2 GET https://localhost:7263/swagger/index.html - 200 null text/html;charset=utf-8 741.1578ms
2024-09-12 22:06:16.248 -03:00 [INF] Request starting HTTP/2 GET https://localhost:7263/_framework/aspnetcore-browser-refresh.js - null null
2024-09-12 22:06:16.270 -03:00 [INF] Request finished HTTP/2 GET https://localhost:7263/_framework/aspnetcore-browser-refresh.js - 200 13742 application/javascript; charset=utf-8 22.0426ms
2024-09-12 22:06:16.276 -03:00 [INF] Request starting HTTP/2 GET https://localhost:7263/_vs/browserLink - null null
2024-09-12 22:06:16.366 -03:00 [INF] Request finished HTTP/2 GET https://localhost:7263/_vs/browserLink - 200 null text/javascript; charset=UTF-8 90.2709ms
2024-09-12 22:06:16.702 -03:00 [INF] Request starting HTTP/2 GET https://localhost:7263/swagger/v1/swagger.json - null null
2024-09-12 22:06:16.863 -03:00 [INF] Request finished HTTP/2 GET https://localhost:7263/swagger/v1/swagger.json - 200 null application/json;charset=utf-8 161.236ms
2024-09-12 22:07:32.620 -03:00 [INF] Request starting HTTP/2 POST https://localhost:7263/api/v1/login - application/json 50
2024-09-12 22:07:32.637 -03:00 [INF] Executing endpoint 'API.Controllers.AuthController.Login (API)'
2024-09-12 22:07:32.680 -03:00 [INF] Route matched with {action = "Login", controller = "Auth"}. Executing controller action with signature System.Threading.Tasks.Task`1[Microsoft.AspNetCore.Mvc.IActionResult] Login(API.Models.DTO.UserDto) on controller API.Controllers.AuthController (API).
2024-09-12 22:07:33.582 -03:00 [INF] Executing UnauthorizedObjectResult, writing value of type 'System.String'.
2024-09-12 22:07:33.590 -03:00 [INF] Executed action API.Controllers.AuthController.Login (API) in 902.4454ms
2024-09-12 22:07:33.592 -03:00 [INF] Executed endpoint 'API.Controllers.AuthController.Login (API)'
2024-09-12 22:07:33.597 -03:00 [INF] Request finished HTTP/2 POST https://localhost:7263/api/v1/login - 401 null text/plain; charset=utf-8 977.83ms
2024-09-12 22:07:43.148 -03:00 [INF] Request starting HTTP/2 GET https://localhost:7263/api/Departments - null null
2024-09-12 22:07:43.159 -03:00 [INF] Executing endpoint 'API.Controllers.DepartmentsController.GetAll (API)'
2024-09-12 22:07:43.167 -03:00 [INF] Route matched with {action = "GetAll", controller = "Departments"}. Executing controller action with signature System.Threading.Tasks.Task`1[Microsoft.AspNetCore.Mvc.IActionResult] GetAll() on controller API.Controllers.DepartmentsController (API).
2024-09-12 22:07:43.192 -03:00 [INF] Executing OkObjectResult, writing value of type 'System.Collections.Generic.List`1[[API.Models.Department, API, Version=1.0.0.0, Culture=neutral, PublicKeyToken=null]]'.
2024-09-12 22:07:43.202 -03:00 [INF] Executed action API.Controllers.DepartmentsController.GetAll (API) in 32.2034ms
2024-09-12 22:07:43.204 -03:00 [INF] Executed endpoint 'API.Controllers.DepartmentsController.GetAll (API)'
2024-09-12 22:07:43.206 -03:00 [INF] Request finished HTTP/2 GET https://localhost:7263/api/Departments - 200 null application/json; charset=utf-8 62.7465ms
2024-09-12 22:07:48.028 -03:00 [INF] Request starting HTTP/2 GET https://localhost:7263/api/Departments/codigo/1 - null null
2024-09-12 22:07:48.035 -03:00 [INF] Executing endpoint 'API.Controllers.DepartmentsController.GetByCodigo (API)'
2024-09-12 22:07:48.054 -03:00 [INF] Route matched with {action = "GetByCodigo", controller = "Departments"}. Executing controller action with signature System.Threading.Tasks.Task`1[Microsoft.AspNetCore.Mvc.IActionResult] GetByCodigo(System.String) on controller API.Controllers.DepartmentsController (API).
2024-09-12 22:07:48.373 -03:00 [INF] Executing ObjectResult, writing value of type 'System.String'.
2024-09-12 22:07:48.394 -03:00 [INF] Executed action API.Controllers.DepartmentsController.GetByCodigo (API) in 334.142ms
2024-09-12 22:07:48.398 -03:00 [INF] Executed endpoint 'API.Controllers.DepartmentsController.GetByCodigo (API)'
2024-09-12 22:07:48.400 -03:00 [INF] Request finished HTTP/2 GET https://localhost:7263/api/Departments/codigo/1 - 500 null text/plain; charset=utf-8 372.3655ms
2024-09-12 22:07:54.216 -03:00 [INF] Request starting HTTP/2 GET https://localhost:7263/api/Departments/codigo/d001 - null null
2024-09-12 22:07:54.221 -03:00 [INF] Executing endpoint 'API.Controllers.DepartmentsController.GetByCodigo (API)'
2024-09-12 22:07:54.223 -03:00 [INF] Route matched with {action = "GetByCodigo", controller = "Departments"}. Executing controller action with signature System.Threading.Tasks.Task`1[Microsoft.AspNetCore.Mvc.IActionResult] GetByCodigo(System.String) on controller API.Controllers.DepartmentsController (API).
2024-09-12 22:07:54.233 -03:00 [INF] Executing OkObjectResult, writing value of type 'API.Models.Department'.
2024-09-12 22:07:54.234 -03:00 [INF] Executed action API.Controllers.DepartmentsController.GetByCodigo (API) in 7.8843ms
2024-09-12 22:07:54.235 -03:00 [INF] Executed endpoint 'API.Controllers.DepartmentsController.GetByCodigo (API)'
2024-09-12 22:07:54.236 -03:00 [INF] Request finished HTTP/2 GET https://localhost:7263/api/Departments/codigo/d001 - 200 null application/json; charset=utf-8 20.3052ms
2024-09-12 22:08:00.098 -03:00 [INF] Request starting HTTP/2 GET https://localhost:7263/api/Products - null null
2024-09-12 22:08:00.114 -03:00 [INF] Executing endpoint 'API.Controllers.ProductsController.GetAll (API)'
2024-09-12 22:08:00.119 -03:00 [INF] Route matched with {action = "GetAll", controller = "Products"}. Executing controller action with signature System.Threading.Tasks.Task`1[Microsoft.AspNetCore.Mvc.IActionResult] GetAll() on controller API.Controllers.ProductsController (API).
2024-09-12 22:08:00.176 -03:00 [INF] Executing OkObjectResult, writing value of type 'System.Collections.Generic.List`1[[API.Models.Product, API, Version=1.0.0.0, Culture=neutral, PublicKeyToken=null]]'.
2024-09-12 22:08:00.189 -03:00 [INF] Executed action API.Controllers.ProductsController.GetAll (API) in 63.0123ms
2024-09-12 22:08:00.193 -03:00 [INF] Executed endpoint 'API.Controllers.ProductsController.GetAll (API)'
2024-09-12 22:08:00.194 -03:00 [INF] Request finished HTTP/2 GET https://localhost:7263/api/Products - 200 null application/json; charset=utf-8 96.9685ms
2024-09-12 22:08:04.841 -03:00 [INF] Request starting HTTP/2 GET https://localhost:7263/api/Products/2 - null null
2024-09-12 22:08:04.846 -03:00 [INF] Executing endpoint 'API.Controllers.ProductsController.GetById (API)'
2024-09-12 22:08:04.852 -03:00 [INF] Route matched with {action = "GetById", controller = "Products"}. Executing controller action with signature System.Threading.Tasks.Task`1[Microsoft.AspNetCore.Mvc.IActionResult] GetById(Int32) on controller API.Controllers.ProductsController (API).
2024-09-12 22:08:04.935 -03:00 [INF] Executing OkObjectResult, writing value of type 'API.Models.Product'.
2024-09-12 22:08:05.007 -03:00 [INF] Executed action API.Controllers.ProductsController.GetById (API) in 150.6436ms
2024-09-12 22:08:05.010 -03:00 [INF] Executed endpoint 'API.Controllers.ProductsController.GetById (API)'
2024-09-12 22:08:05.013 -03:00 [INF] Request finished HTTP/2 GET https://localhost:7263/api/Products/2 - 200 null application/json; charset=utf-8 172.3483ms
2024-09-12 22:08:08.356 -03:00 [INF] Request starting HTTP/2 GET https://localhost:7263/api/Products/22 - null null
2024-09-12 22:08:08.362 -03:00 [INF] Executing endpoint 'API.Controllers.ProductsController.GetById (API)'
2024-09-12 22:08:08.365 -03:00 [INF] Route matched with {action = "GetById", controller = "Products"}. Executing controller action with signature System.Threading.Tasks.Task`1[Microsoft.AspNetCore.Mvc.IActionResult] GetById(Int32) on controller API.Controllers.ProductsController (API).
2024-09-12 22:08:08.565 -03:00 [ERR] Erro ao recuperar o produto com ID 22.
System.ApplicationException: Erro ao obter o produto com ID 22.
 ---> System.Collections.Generic.KeyNotFoundException: Produto com ID 22 não encontrado.
   at API.Services.ProductService.GetByIdAsync(Int32 id) in C:\dev\CRUD_Maxima\API\Services\ProductService.cs:line 47
   --- End of inner exception stack trace ---
   at API.Services.ProductService.GetByIdAsync(Int32 id) in C:\dev\CRUD_Maxima\API\Services\ProductService.cs:line 54
   at API.Controllers.ProductsController.GetById(Int32 id) in C:\dev\CRUD_Maxima\API\Controllers\ProductController.cs:line 51
2024-09-12 22:08:08.719 -03:00 [INF] Executing ObjectResult, writing value of type 'System.String'.
2024-09-12 22:08:08.722 -03:00 [INF] Executed action API.Controllers.ProductsController.GetById (API) in 346.4758ms
2024-09-12 22:08:08.724 -03:00 [INF] Executed endpoint 'API.Controllers.ProductsController.GetById (API)'
2024-09-12 22:08:08.731 -03:00 [INF] Request finished HTTP/2 GET https://localhost:7263/api/Products/22 - 500 null text/plain; charset=utf-8 375.3328ms
2024-09-12 22:08:15.616 -03:00 [INF] Request starting HTTP/2 PUT https://localhost:7263/api/Products/1 - application/json 126
2024-09-12 22:08:15.622 -03:00 [INF] Executing endpoint 'API.Controllers.ProductsController.Put (API)'
2024-09-12 22:08:15.633 -03:00 [INF] Route matched with {action = "Put", controller = "Products"}. Executing controller action with signature System.Threading.Tasks.Task`1[Microsoft.AspNetCore.Mvc.IActionResult] Put(Int32, API.Models.DTOs.ProductDTO) on controller API.Controllers.ProductsController (API).
2024-09-12 22:08:15.688 -03:00 [WRN] Dados de produto inválidos ou ID incorreto.
2024-09-12 22:08:15.690 -03:00 [INF] Executing BadRequestObjectResult, writing value of type 'System.String'.
2024-09-12 22:08:15.691 -03:00 [INF] Executed action API.Controllers.ProductsController.Put (API) in 24.5579ms
2024-09-12 22:08:15.693 -03:00 [INF] Executed endpoint 'API.Controllers.ProductsController.Put (API)'
2024-09-12 22:08:15.694 -03:00 [INF] Request finished HTTP/2 PUT https://localhost:7263/api/Products/1 - 400 null text/plain; charset=utf-8 78.0244ms
