2024-09-14 00:16:58.917 -03:00 [INF] Now listening on: http://localhost:5147
2024-09-14 00:16:58.958 -03:00 [INF] Application started. Press Ctrl+C to shut down.
2024-09-14 00:16:58.961 -03:00 [INF] Hosting environment: Development
2024-09-14 00:16:58.962 -03:00 [INF] Content root path: C:\dev\CRUD_Maxima\API
2024-09-14 00:17:09.561 -03:00 [INF] Application is shutting down...
2024-09-14 00:22:13.229 -03:00 [INF] Now listening on: https://localhost:7263
2024-09-14 00:22:13.276 -03:00 [INF] Now listening on: http://localhost:5147
2024-09-14 00:22:13.281 -03:00 [INF] Application started. Press Ctrl+C to shut down.
2024-09-14 00:22:13.282 -03:00 [INF] Hosting environment: Development
2024-09-14 00:22:13.283 -03:00 [INF] Content root path: C:\dev\CRUD_Maxima\API
2024-09-14 00:22:29.408 -03:00 [INF] Request starting HTTP/2 GET https://localhost:7263/ - null null
2024-09-14 00:22:29.463 -03:00 [INF] Request finished HTTP/2 GET https://localhost:7263/ - 404 0 null 57.3977ms
2024-09-14 00:22:29.474 -03:00 [INF] Request reached the end of the middleware pipeline without being handled by application code. Request path: GET https://localhost:7263/, Response status code: 404
2024-09-14 00:22:31.159 -03:00 [INF] Request starting HTTP/2 GET https://localhost:7263/ - null null
2024-09-14 00:22:31.169 -03:00 [INF] Request finished HTTP/2 GET https://localhost:7263/ - 404 0 null 9.1982ms
2024-09-14 00:22:31.175 -03:00 [INF] Request reached the end of the middleware pipeline without being handled by application code. Request path: GET https://localhost:7263/, Response status code: 404
2024-09-14 00:22:34.661 -03:00 [INF] Request starting HTTP/2 GET https://localhost:7263/swagger/index.html - null null
2024-09-14 00:22:34.798 -03:00 [INF] Request finished HTTP/2 GET https://localhost:7263/swagger/index.html - 200 null text/html;charset=utf-8 136.6919ms
2024-09-14 00:22:35.228 -03:00 [INF] Request starting HTTP/2 GET https://localhost:7263/swagger/v1/swagger.json - null null
2024-09-14 00:22:35.383 -03:00 [INF] Request finished HTTP/2 GET https://localhost:7263/swagger/v1/swagger.json - 200 null application/json;charset=utf-8 155.7534ms
2024-09-14 00:22:51.846 -03:00 [INF] Request starting HTTP/2 POST https://localhost:7263/api/v1/login - application/json 40
2024-09-14 00:22:51.854 -03:00 [INF] Executing endpoint 'API.Controllers.AuthController.Login (API)'
2024-09-14 00:22:51.896 -03:00 [INF] Route matched with {action = "Login", controller = "Auth"}. Executing controller action with signature System.Threading.Tasks.Task`1[Microsoft.AspNetCore.Mvc.IActionResult] Login(API.Models.DTO.UserDto) on controller API.Controllers.AuthController (API).
2024-09-14 00:22:52.699 -03:00 [INF] Executing OkObjectResult, writing value of type '<>f__AnonymousType0`1[[<>f__AnonymousType1`4[[System.Int32, System.Private.CoreLib, Version=8.0.0.0, Culture=neutral, PublicKeyToken=7cec85d7bea7798e],[System.String, System.Private.CoreLib, Version=8.0.0.0, Culture=neutral, PublicKeyToken=7cec85d7bea7798e],[System.String, System.Private.CoreLib, Version=8.0.0.0, Culture=neutral, PublicKeyToken=7cec85d7bea7798e],[System.String, System.Private.CoreLib, Version=8.0.0.0, Culture=neutral, PublicKeyToken=7cec85d7bea7798e]], API, Version=1.0.0.0, Culture=neutral, PublicKeyToken=null]]'.
2024-09-14 00:22:52.715 -03:00 [INF] Executed action API.Controllers.AuthController.Login (API) in 810.0848ms
2024-09-14 00:22:52.718 -03:00 [INF] Executed endpoint 'API.Controllers.AuthController.Login (API)'
2024-09-14 00:22:52.720 -03:00 [INF] Request finished HTTP/2 POST https://localhost:7263/api/v1/login - 200 null application/json; charset=utf-8 873.648ms
2024-09-14 00:43:21.963 -03:00 [INF] Request starting HTTP/2 OPTIONS https://localhost:7263/Api/v1/login - null null
2024-09-14 00:43:21.978 -03:00 [INF] Executing endpoint '405 HTTP Method Not Supported'
2024-09-14 00:43:21.980 -03:00 [INF] Executed endpoint '405 HTTP Method Not Supported'
2024-09-14 00:43:21.982 -03:00 [INF] Request finished HTTP/2 OPTIONS https://localhost:7263/Api/v1/login - 405 0 null 19.0415ms
2024-09-14 00:45:00.837 -03:00 [INF] Application is shutting down...
2024-09-14 00:45:11.725 -03:00 [INF] Now listening on: https://localhost:7263
2024-09-14 00:45:11.794 -03:00 [INF] Now listening on: http://localhost:5147
2024-09-14 00:45:11.799 -03:00 [INF] Application started. Press Ctrl+C to shut down.
2024-09-14 00:45:11.801 -03:00 [INF] Hosting environment: Development
2024-09-14 00:45:11.803 -03:00 [INF] Content root path: C:\dev\CRUD_Maxima\API
2024-09-14 00:45:37.818 -03:00 [INF] Request starting HTTP/2 OPTIONS https://localhost:7263/Api/v1/login - null null
2024-09-14 00:45:37.854 -03:00 [INF] CORS policy execution successful.
2024-09-14 00:45:37.861 -03:00 [INF] Request finished HTTP/2 OPTIONS https://localhost:7263/Api/v1/login - 204 null null 44.5696ms
2024-09-14 00:45:37.871 -03:00 [INF] Request starting HTTP/2 POST https://localhost:7263/Api/v1/login - application/json 31
2024-09-14 00:45:37.877 -03:00 [INF] CORS policy execution successful.
2024-09-14 00:45:37.894 -03:00 [INF] Executing endpoint 'API.Controllers.AuthController.Login (API)'
2024-09-14 00:45:37.927 -03:00 [INF] Route matched with {action = "Login", controller = "Auth"}. Executing controller action with signature System.Threading.Tasks.Task`1[Microsoft.AspNetCore.Mvc.IActionResult] Login(API.Models.DTO.UserDto) on controller API.Controllers.AuthController (API).
2024-09-14 00:45:38.419 -03:00 [INF] Executing OkObjectResult, writing value of type '<>f__AnonymousType0`1[[<>f__AnonymousType1`4[[System.Int32, System.Private.CoreLib, Version=8.0.0.0, Culture=neutral, PublicKeyToken=7cec85d7bea7798e],[System.String, System.Private.CoreLib, Version=8.0.0.0, Culture=neutral, PublicKeyToken=7cec85d7bea7798e],[System.String, System.Private.CoreLib, Version=8.0.0.0, Culture=neutral, PublicKeyToken=7cec85d7bea7798e],[System.String, System.Private.CoreLib, Version=8.0.0.0, Culture=neutral, PublicKeyToken=7cec85d7bea7798e]], API, Version=1.0.0.0, Culture=neutral, PublicKeyToken=null]]'.
2024-09-14 00:45:38.437 -03:00 [INF] Executed action API.Controllers.AuthController.Login (API) in 503.4682ms
2024-09-14 00:45:38.438 -03:00 [INF] Executed endpoint 'API.Controllers.AuthController.Login (API)'
2024-09-14 00:45:38.441 -03:00 [INF] Request finished HTTP/2 POST https://localhost:7263/Api/v1/login - 200 null application/json; charset=utf-8 569.3835ms
2024-09-14 01:04:49.565 -03:00 [INF] Application is shutting down...
2024-09-14 01:10:46.291 -03:00 [INF] Now listening on: https://localhost:7263
2024-09-14 01:10:46.331 -03:00 [INF] Now listening on: http://localhost:5147
2024-09-14 01:10:46.336 -03:00 [INF] Application started. Press Ctrl+C to shut down.
2024-09-14 01:10:46.337 -03:00 [INF] Hosting environment: Development
2024-09-14 01:10:46.338 -03:00 [INF] Content root path: C:\dev\CRUD_Maxima\API
2024-09-14 01:10:50.963 -03:00 [INF] Request starting HTTP/2 OPTIONS https://localhost:7263/Api/v1/login - null null
2024-09-14 01:10:50.989 -03:00 [INF] CORS policy execution successful.
2024-09-14 01:10:50.994 -03:00 [INF] Request finished HTTP/2 OPTIONS https://localhost:7263/Api/v1/login - 204 null null 33.0332ms
2024-09-14 01:10:51.004 -03:00 [INF] Request starting HTTP/2 POST https://localhost:7263/Api/v1/login - application/json 33
2024-09-14 01:10:51.008 -03:00 [INF] CORS policy execution successful.
2024-09-14 01:10:51.021 -03:00 [INF] Executing endpoint 'API.Controllers.AuthController.Login (API)'
2024-09-14 01:10:51.044 -03:00 [INF] Route matched with {action = "Login", controller = "Auth"}. Executing controller action with signature System.Threading.Tasks.Task`1[Microsoft.AspNetCore.Mvc.IActionResult] Login(API.Models.DTO.UserDto) on controller API.Controllers.AuthController (API).
2024-09-14 01:10:51.333 -03:00 [INF] Request starting HTTP/2 POST https://localhost:7263/Api/v1/login - application/json 33
2024-09-14 01:10:51.337 -03:00 [INF] CORS policy execution successful.
2024-09-14 01:10:51.338 -03:00 [INF] Executing endpoint 'API.Controllers.AuthController.Login (API)'
2024-09-14 01:10:51.339 -03:00 [INF] Route matched with {action = "Login", controller = "Auth"}. Executing controller action with signature System.Threading.Tasks.Task`1[Microsoft.AspNetCore.Mvc.IActionResult] Login(API.Models.DTO.UserDto) on controller API.Controllers.AuthController (API).
2024-09-14 01:10:51.449 -03:00 [INF] Executing UnauthorizedObjectResult, writing value of type 'System.String'.
2024-09-14 01:10:51.449 -03:00 [INF] Executing UnauthorizedObjectResult, writing value of type 'System.String'.
2024-09-14 01:10:51.456 -03:00 [INF] Executed action API.Controllers.AuthController.Login (API) in 111.3812ms
2024-09-14 01:10:51.456 -03:00 [INF] Executed action API.Controllers.AuthController.Login (API) in 407.4599ms
2024-09-14 01:10:51.458 -03:00 [INF] Executed endpoint 'API.Controllers.AuthController.Login (API)'
2024-09-14 01:10:51.458 -03:00 [INF] Executed endpoint 'API.Controllers.AuthController.Login (API)'
2024-09-14 01:10:51.461 -03:00 [INF] Request finished HTTP/2 POST https://localhost:7263/Api/v1/login - 401 null text/plain; charset=utf-8 457.0986ms
2024-09-14 01:10:51.461 -03:00 [INF] Request finished HTTP/2 POST https://localhost:7263/Api/v1/login - 401 null text/plain; charset=utf-8 128.0563ms
2024-09-14 01:10:51.511 -03:00 [INF] Request starting HTTP/2 POST https://localhost:7263/Api/v1/login - application/json 33
2024-09-14 01:10:51.513 -03:00 [INF] CORS policy execution successful.
2024-09-14 01:10:51.515 -03:00 [INF] Executing endpoint 'API.Controllers.AuthController.Login (API)'
2024-09-14 01:10:51.516 -03:00 [INF] Route matched with {action = "Login", controller = "Auth"}. Executing controller action with signature System.Threading.Tasks.Task`1[Microsoft.AspNetCore.Mvc.IActionResult] Login(API.Models.DTO.UserDto) on controller API.Controllers.AuthController (API).
2024-09-14 01:10:51.525 -03:00 [INF] Executing UnauthorizedObjectResult, writing value of type 'System.String'.
2024-09-14 01:10:51.526 -03:00 [INF] Executed action API.Controllers.AuthController.Login (API) in 7.4679ms
2024-09-14 01:10:51.529 -03:00 [INF] Executed endpoint 'API.Controllers.AuthController.Login (API)'
2024-09-14 01:10:51.530 -03:00 [INF] Request finished HTTP/2 POST https://localhost:7263/Api/v1/login - 401 null text/plain; charset=utf-8 19.0222ms
2024-09-14 01:10:56.180 -03:00 [INF] Request starting HTTP/2 OPTIONS https://localhost:7263/Api/v1/login - null null
2024-09-14 01:10:56.184 -03:00 [INF] CORS policy execution successful.
2024-09-14 01:10:56.184 -03:00 [INF] Request finished HTTP/2 OPTIONS https://localhost:7263/Api/v1/login - 204 null null 4.5307ms
2024-09-14 01:10:56.187 -03:00 [INF] Request starting HTTP/2 POST https://localhost:7263/Api/v1/login - application/json 31
2024-09-14 01:10:56.189 -03:00 [INF] CORS policy execution successful.
2024-09-14 01:10:56.190 -03:00 [INF] Executing endpoint 'API.Controllers.AuthController.Login (API)'
2024-09-14 01:10:56.191 -03:00 [INF] Route matched with {action = "Login", controller = "Auth"}. Executing controller action with signature System.Threading.Tasks.Task`1[Microsoft.AspNetCore.Mvc.IActionResult] Login(API.Models.DTO.UserDto) on controller API.Controllers.AuthController (API).
2024-09-14 01:10:56.197 -03:00 [INF] Executing OkObjectResult, writing value of type '<>f__AnonymousType0`1[[<>f__AnonymousType1`4[[System.Int32, System.Private.CoreLib, Version=8.0.0.0, Culture=neutral, PublicKeyToken=7cec85d7bea7798e],[System.String, System.Private.CoreLib, Version=8.0.0.0, Culture=neutral, PublicKeyToken=7cec85d7bea7798e],[System.String, System.Private.CoreLib, Version=8.0.0.0, Culture=neutral, PublicKeyToken=7cec85d7bea7798e],[System.String, System.Private.CoreLib, Version=8.0.0.0, Culture=neutral, PublicKeyToken=7cec85d7bea7798e]], API, Version=1.0.0.0, Culture=neutral, PublicKeyToken=null]]'.
2024-09-14 01:10:56.210 -03:00 [INF] Executed action API.Controllers.AuthController.Login (API) in 17.5238ms
2024-09-14 01:10:56.211 -03:00 [INF] Executed endpoint 'API.Controllers.AuthController.Login (API)'
2024-09-14 01:10:56.212 -03:00 [INF] Request finished HTTP/2 POST https://localhost:7263/Api/v1/login - 200 null application/json; charset=utf-8 25.5276ms
2024-09-14 01:11:08.008 -03:00 [INF] Application is shutting down...
